<?xml version="1.0" encoding="UTF-8"?>
<!-- Generated by org.testng.reporters.JUnitXMLReporter -->
<testsuite hostname="LAPTOP-FUSOQO8M" ignored="0" name="TestA" tests="4" failures="1" timestamp="17 Jun 2019 19:12:08 GMT" time="0.058" errors="0">
  <testcase name="testA1" time="0.011" classname="com.org.learningmaven.Facebook.TestA">
    <failure type="java.lang.AssertionError" message="null">
      <![CDATA[java.lang.AssertionError: null
at com.org.learningmaven.Facebook.TestA.testA1(TestA.java:11)
... Removed 27 stack frames]]>
    </failure>
  </testcase> <!-- testA1 -->
  <testcase name="testA2" time="0.0" classname="com.org.learningmaven.Facebook.TestA">
    <skipped/>
  </testcase> <!-- testA2 -->
  <testcase name="testA3" time="0.0" classname="com.org.learningmaven.Facebook.TestA">
    <skipped/>
  </testcase> <!-- testA3 -->
  <testcase name="testA4" time="0.0" classname="com.org.learningmaven.Facebook.TestA">
    <skipped/>
  </testcase> <!-- testA4 -->
</testsuite> <!-- TestA -->
